<?xml version="1.0" encoding="UTF-8"?>
<testsuite name="MainTest" tests="1" skipped="0" failures="0" errors="0" timestamp="2024-10-20T09:26:10" hostname="LOLAGAMES155" time="0.016">
  <properties/>
  <testcase name="testMediaDigitosNumeroPositivo()" classname="MainTest" time="0.016"/>
  <system-out><![CDATA[]]></system-out>
  <system-err><![CDATA[]]></system-err>
</testsuite>
